0 info it worked if it ends with ok
1 verbose cli [ 'C:\\Program Files\\nodejs\\node.exe',
1 verbose cli   'C:\\Program Files\\nodejs\\node_modules\\npm\\bin\\npm-cli.js',
1 verbose cli   'run',
1 verbose cli   'test' ]
2 info using npm@3.10.9
3 info using node@v7.2.0
4 verbose run-script [ 'pretest', 'test', 'posttest' ]
5 info lifecycle mongodb-playlist@1.0.0~pretest: mongodb-playlist@1.0.0
6 silly lifecycle mongodb-playlist@1.0.0~pretest: no script for pretest, continuing
7 info lifecycle mongodb-playlist@1.0.0~test: mongodb-playlist@1.0.0
8 verbose lifecycle mongodb-playlist@1.0.0~test: unsafe-perm in lifecycle true
9 verbose lifecycle mongodb-playlist@1.0.0~test: PATH: C:\Program Files\nodejs\node_modules\npm\bin\node-gyp-bin;C:\Users\Shaun\Documents\Sandbox\mongodb-playlist\node_modules\.bin;C:\Users\Shaun\Downloads\cmder_mini\bin;C:\Users\Shaun\Downloads\cmder_mini\vendor\conemu-maximus5\ConEmu\Scripts;C:\Users\Shaun\Downloads\cmder_mini\vendor\conemu-maximus5;C:\Users\Shaun\Downloads\cmder_mini\vendor\conemu-maximus5\ConEmu;C:\Program Files (x86)\Intel\iCLS Client\;C:\Program Files\Intel\iCLS Client\;C:\WINDOWS\system32;C:\WINDOWS;C:\WINDOWS\System32\Wbem;C:\WINDOWS\System32\WindowsPowerShell\v1.0\;C:\Program Files (x86)\Intel\Intel(R) Management Engine Components\DAL;C:\Program Files\Intel\Intel(R) Management Engine Components\DAL;C:\Program Files (x86)\Intel\Intel(R) Management Engine Components\IPT;C:\Program Files\Intel\Intel(R) Management Engine Components\IPT;c:\Program Files\Intel\WiFi\bin\;c:\Program Files\Common Files\Intel\WirelessCommon\;C:\Program Files (x86)\Skype\Phone\;C:\Program Files\nodejs\;C:\Program Files\Git\cmd;C:\Users\Shaun\AppData\Roaming\npm;C:\Users\Shaun\AppData\Local\Microsoft\WindowsApps;C:\Users\Shaun\AppData\Local\atom\bin;C:\Program Files\Git\usr\bin;C:\Program Files\Git\usr\share\vim\vim74;C:\Users\Shaun\Downloads\cmder_mini\
10 verbose lifecycle mongodb-playlist@1.0.0~test: CWD: C:\Users\Shaun\Documents\Sandbox\mongodb-playlist
11 silly lifecycle mongodb-playlist@1.0.0~test: Args: [ '/d /s /c', 'mocha' ]
12 silly lifecycle mongodb-playlist@1.0.0~test: Returned: code: 1  signal: null
13 info lifecycle mongodb-playlist@1.0.0~test: Failed to exec test script
14 verbose stack Error: mongodb-playlist@1.0.0 test: `mocha`
14 verbose stack Exit status 1
14 verbose stack     at EventEmitter.<anonymous> (C:\Program Files\nodejs\node_modules\npm\lib\utils\lifecycle.js:255:16)
14 verbose stack     at emitTwo (events.js:106:13)
14 verbose stack     at EventEmitter.emit (events.js:191:7)
14 verbose stack     at ChildProcess.<anonymous> (C:\Program Files\nodejs\node_modules\npm\lib\utils\spawn.js:40:14)
14 verbose stack     at emitTwo (events.js:106:13)
14 verbose stack     at ChildProcess.emit (events.js:191:7)
14 verbose stack     at maybeClose (internal/child_process.js:885:16)
14 verbose stack     at Process.ChildProcess._handle.onexit (internal/child_process.js:226:5)
15 verbose pkgid mongodb-playlist@1.0.0
16 verbose cwd C:\Users\Shaun\Documents\Sandbox\mongodb-playlist
17 error Windows_NT 10.0.14393
18 error argv "C:\\Program Files\\nodejs\\node.exe" "C:\\Program Files\\nodejs\\node_modules\\npm\\bin\\npm-cli.js" "run" "test"
19 error node v7.2.0
20 error npm  v3.10.9
21 error code ELIFECYCLE
22 error mongodb-playlist@1.0.0 test: `mocha`
22 error Exit status 1
23 error Failed at the mongodb-playlist@1.0.0 test script 'mocha'.
23 error Make sure you have the latest version of node.js and npm installed.
23 error If you do, this is most likely a problem with the mongodb-playlist package,
23 error not with npm itself.
23 error Tell the author that this fails on your system:
23 error     mocha
23 error You can get information on how to open an issue for this project with:
23 error     npm bugs mongodb-playlist
23 error Or if that isn't available, you can get their info via:
23 error     npm owner ls mongodb-playlist
23 error There is likely additional logging output above.
24 verbose exit [ 1, true ]
